2023-01-29 15:08:31.665  INFO 18148 --- [restartedMain] c.h.EcodationBlogProject6Application     : Starting EcodationBlogProject6Application using Java 11.0.16.1 on DESKTOP-ITI8U8K with PID 18148 (D:\spring\EcodationBlogProject6\target\classes started by 90553 in D:\spring\EcodationBlogProject6)
2023-01-29 15:08:31.673  INFO 18148 --- [restartedMain] c.h.EcodationBlogProject6Application     : The following 1 profile is active: "frontend"
2023-01-29 15:08:31.712  INFO 18148 --- [restartedMain] .e.DevToolsPropertyDefaultsPostProcessor : Devtools property defaults active! Set 'spring.devtools.add-properties' to 'false' to disable
2023-01-29 15:08:31.712  INFO 18148 --- [restartedMain] .e.DevToolsPropertyDefaultsPostProcessor : For additional web related logging consider setting the 'logging.level.web' property to 'DEBUG'
2023-01-29 15:08:32.271  INFO 18148 --- [restartedMain] .s.d.r.c.RepositoryConfigurationDelegate : Bootstrapping Spring Data JPA repositories in DEFAULT mode.
2023-01-29 15:08:32.311  INFO 18148 --- [restartedMain] .s.d.r.c.RepositoryConfigurationDelegate : Finished Spring Data repository scanning in 35 ms. Found 1 JPA repository interfaces.
2023-01-29 15:08:32.742  INFO 18148 --- [restartedMain] o.s.b.w.embedded.tomcat.TomcatWebServer  : Tomcat initialized with port(s): 4444 (http)
2023-01-29 15:08:32.749  INFO 18148 --- [restartedMain] o.apache.catalina.core.StandardService   : Starting service [Tomcat]
2023-01-29 15:08:32.749  INFO 18148 --- [restartedMain] org.apache.catalina.core.StandardEngine  : Starting Servlet engine: [Apache Tomcat/9.0.68]
2023-01-29 15:08:32.814  INFO 18148 --- [restartedMain] o.a.c.c.C.[Tomcat].[localhost].[/]       : Initializing Spring embedded WebApplicationContext
2023-01-29 15:08:32.815  INFO 18148 --- [restartedMain] w.s.c.ServletWebServerApplicationContext : Root WebApplicationContext: initialization completed in 1102 ms
2023-01-29 15:08:32.833  INFO 18148 --- [restartedMain] com.zaxxer.hikari.HikariDataSource       : HikariPool-1 - Starting...
2023-01-29 15:08:32.950  INFO 18148 --- [restartedMain] com.zaxxer.hikari.HikariDataSource       : HikariPool-1 - Start completed.
2023-01-29 15:08:32.963  INFO 18148 --- [restartedMain] o.s.b.a.h2.H2ConsoleAutoConfiguration    : H2 console available at '/h2-console'. Database available at 'jdbc:h2:file:./memory_persist/employee_database'
2023-01-29 15:08:33.007 DEBUG 18148 --- [restartedMain] o.s.w.s.r.ResourceUrlEncodingFilter      : Filter 'resourceUrlEncodingFilter' configured for use
2023-01-29 15:08:33.724  INFO 18148 --- [restartedMain] j.LocalContainerEntityManagerFactoryBean : Initialized JPA EntityManagerFactory for persistence unit 'default'
2023-01-29 15:08:34.077  WARN 18148 --- [restartedMain] JpaBaseConfiguration$JpaWebConfiguration : spring.jpa.open-in-view is enabled by default. Therefore, database queries may be performed during view rendering. Explicitly configure spring.jpa.open-in-view to disable this warning
2023-01-29 15:08:34.150 DEBUG 18148 --- [restartedMain] s.w.s.m.m.a.RequestMappingHandlerAdapter : ControllerAdvice beans: 0 @ModelAttribute, 0 @InitBinder, 1 RequestBodyAdvice, 1 ResponseBodyAdvice
2023-01-29 15:08:34.166  INFO 18148 --- [restartedMain] o.s.b.a.w.s.WelcomePageHandlerMapping    : Adding welcome page template: index
2023-01-29 15:08:34.200 DEBUG 18148 --- [restartedMain] s.w.s.m.m.a.RequestMappingHandlerMapping : 10 mappings in 'requestMappingHandlerMapping'
2023-01-29 15:08:34.467 DEBUG 18148 --- [restartedMain] o.s.w.s.handler.SimpleUrlHandlerMapping  : Patterns [/webjars/**, /**, /swagger-ui/swagger-ui*/**] in 'resourceHandlerMapping'
2023-01-29 15:08:34.472 DEBUG 18148 --- [restartedMain] .m.m.a.ExceptionHandlerExceptionResolver : ControllerAdvice beans: 1 @ExceptionHandler, 1 ResponseBodyAdvice
2023-01-29 15:08:34.599  INFO 18148 --- [restartedMain] o.s.b.d.a.OptionalLiveReloadServer       : LiveReload server is running on port 35729
2023-01-29 15:08:34.624  INFO 18148 --- [restartedMain] o.s.b.w.embedded.tomcat.TomcatWebServer  : Tomcat started on port(s): 4444 (http) with context path ''
2023-01-29 15:08:34.634  INFO 18148 --- [restartedMain] c.h.EcodationBlogProject6Application     : Started EcodationBlogProject6Application in 3.271 seconds (JVM running for 4.578)
